<?xml version="1.0" encoding="UTF-8"?>
<!-- Generated by org.testng.reporters.JUnitXMLReporter -->
<testsuite hostname="Rahul-Dell-PC" ignored="0" name="Default test" tests="4" failures="0" timestamp="28 May 2020 03:41:44 GMT" time="70.109" errors="0">
  <testcase name="testCase" time="20.691" classname="com.bank.demosite.testClasses.TestDataProvider"/>
  <testcase name="testCase" time="15.307" classname="com.bank.demosite.testClasses.TestDataProvider"/>
  <testcase name="testCase" time="15.005" classname="com.bank.demosite.testClasses.TestDataProvider"/>
  <testcase name="testCase" time="18.597" classname="com.bank.demosite.testClasses.TestDataProvider"/>
</testsuite> <!-- Default test -->
