<?xml version="1.0" encoding="UTF-8"?>
<testng-results skipped="0" failed="0" ignored="0" total="0" passed="0">
  <reporter-output>
  </reporter-output>
  <suite name="com.bank.demosite.testClasses.TestDataProvider" duration-ms="3" started-at="2020-05-26T19:55:44Z" finished-at="2020-05-26T19:55:44Z">
    <groups>
    </groups>
    <test name="Command line test" duration-ms="3" started-at="2020-05-26T19:55:44Z" finished-at="2020-05-26T19:55:44Z">
    </test> <!-- Command line test -->
  </suite> <!-- com.bank.demosite.testClasses.TestDataProvider -->
</testng-results>
